INFO 2025-08-04 14:05:30,407 Watching for file changes with StatReloader
INFO 2025-08-04 14:05:44,371 "GET / HTTP/1.1" 302 0
INFO 2025-08-04 14:05:47,234 "GET /accounts/login/?next=/ HTTP/1.1" 200 3981
INFO 2025-08-04 14:05:53,859 "GET /static/plugins/overlayScrollbars/css/OverlayScrollbars.min.css HTTP/1.1" 200 19724
INFO 2025-08-04 14:05:53,860 "GET /static/plugins/fontawesome-free/css/all.min.css HTTP/1.1" 200 58578
INFO 2025-08-04 14:05:53,911 "GET /static/dist/css/login-page.css HTTP/1.1" 200 8610
INFO 2025-08-04 14:05:53,913 "GET /static/plugins/toastr/toastr.min.css HTTP/1.1" 200 6454
INFO 2025-08-04 14:05:54,300 "GET /static/dist/js/jquery.formset.js HTTP/1.1" 200 13632
INFO 2025-08-04 14:05:54,303 "GET /static/plugins/jquery/jquery.min.js HTTP/1.1" 200 88145
INFO 2025-08-04 14:05:54,345 "GET /static/plugins/toastr/toastr.min.js HTTP/1.1" 200 5251
INFO 2025-08-04 14:05:54,365 "GET /static/plugins/bootstrap/js/bootstrap.bundle.min.js HTTP/1.1" 200 80698
INFO 2025-08-04 14:05:54,371 "GET /static/plugins/overlayScrollbars/js/jquery.overlayScrollbars.min.js HTTP/1.1" 200 42383
INFO 2025-08-04 14:05:54,491 "GET /static/dist/css/adminlte.min.css HTTP/1.1" 200 686707
INFO 2025-08-04 14:05:54,515 "GET /static/dist/js/adminlte.js HTTP/1.1" 200 57530
INFO 2025-08-04 14:05:54,791 "GET /static/dist/js/demo.js HTTP/1.1" 200 12616
INFO 2025-08-04 14:05:58,210 "GET /static/dist/img/login.png HTTP/1.1" 200 144918
INFO 2025-08-04 14:05:59,322 "GET /static/plugins/fontawesome-free/webfonts/fa-solid-900.woff2 HTTP/1.1" 200 79444
INFO 2025-08-04 14:06:35,963 "POST /accounts/login/ HTTP/1.1" 302 0
INFO 2025-08-04 14:06:36,065 "GET / HTTP/1.1" 200 9290
INFO 2025-08-04 14:06:36,483 "GET /static/plugins/Datatables/datatables.min.css HTTP/1.1" 200 25780
INFO 2025-08-04 14:06:36,521 "GET /static/plugins/Datatables/datatables.min.js HTTP/1.1" 200 2042446
INFO 2025-08-04 14:06:36,959 "GET /static/plugins/fontawesome-free/webfonts/fa-regular-400.woff2 HTTP/1.1" 200 13584
INFO 2025-08-04 14:06:47,105 "GET /student/list HTTP/1.1" 200 9946
INFO 2025-08-04 14:06:52,587 "GET /staff/list/ HTTP/1.1" 200 9687
INFO 2025-08-04 14:07:33,693 "GET /session/list/ HTTP/1.1" 200 11598
INFO 2025-08-04 14:07:41,199 "GET /term/list/ HTTP/1.1" 200 12231
INFO 2025-08-04 14:07:49,186 "GET /subject/list/ HTTP/1.1" 200 11397
INFO 2025-08-04 14:07:53,356 "GET /class/list/ HTTP/1.1" 200 11410
INFO 2025-08-04 14:07:59,945 "GET /student/list HTTP/1.1" 200 9946
INFO 2025-08-04 14:08:03,376 "GET /student/create/ HTTP/1.1" 200 13612
INFO 2025-08-04 17:28:27,393 Watching for file changes with StatReloader
INFO 2025-08-06 15:51:04,131 Watching for file changes with StatReloader
INFO 2025-08-06 16:12:50,249 Watching for file changes with StatReloader
INFO 2025-08-06 16:12:57,573 "GET / HTTP/1.1" 302 0
INFO 2025-08-06 16:12:57,760 "GET /accounts/login/?next=/ HTTP/1.1" 200 3981
INFO 2025-08-06 16:12:59,614 "GET /static/plugins/toastr/toastr.min.css HTTP/1.1" 200 6454
INFO 2025-08-06 16:12:59,697 "GET /static/dist/js/jquery.formset.js HTTP/1.1" 200 13632
INFO 2025-08-06 16:12:59,730 "GET /static/dist/css/login-page.css HTTP/1.1" 200 8610
INFO 2025-08-06 16:12:59,751 "GET /static/plugins/toastr/toastr.min.js HTTP/1.1" 200 5251
INFO 2025-08-06 16:12:59,752 "GET /static/plugins/jquery/jquery.min.js HTTP/1.1" 200 88145
INFO 2025-08-06 16:12:59,769 "GET /static/plugins/overlayScrollbars/css/OverlayScrollbars.min.css HTTP/1.1" 200 19724
INFO 2025-08-06 16:12:59,784 "GET /static/dist/css/adminlte.min.css HTTP/1.1" 200 686707
INFO 2025-08-06 16:12:59,809 "GET /static/plugins/fontawesome-free/css/all.min.css HTTP/1.1" 200 58578
INFO 2025-08-06 16:12:59,828 "GET /static/dist/js/demo.js HTTP/1.1" 200 12616
INFO 2025-08-06 16:12:59,846 "GET /static/dist/js/adminlte.js HTTP/1.1" 200 57530
INFO 2025-08-06 16:12:59,856 "GET /static/plugins/overlayScrollbars/js/jquery.overlayScrollbars.min.js HTTP/1.1" 200 42383
INFO 2025-08-06 16:12:59,864 "GET /static/plugins/bootstrap/js/bootstrap.bundle.min.js HTTP/1.1" 200 80698
INFO 2025-08-06 16:13:04,572 "GET /static/dist/img/login.png HTTP/1.1" 200 144918
WARNING 2025-08-06 16:13:04,644 Not Found: /favicon.ico
WARNING 2025-08-06 16:13:04,647 "GET /favicon.ico HTTP/1.1" 404 6202
INFO 2025-08-06 16:13:05,797 "GET /static/plugins/fontawesome-free/webfonts/fa-solid-900.woff2 HTTP/1.1" 200 79444
INFO 2025-08-06 16:13:48,660 "POST /accounts/login/ HTTP/1.1" 302 0
INFO 2025-08-06 16:13:49,231 "GET / HTTP/1.1" 200 9290
INFO 2025-08-06 16:13:50,664 "GET /static/plugins/Datatables/datatables.min.css HTTP/1.1" 200 25780
INFO 2025-08-06 16:13:50,853 "GET /static/plugins/Datatables/datatables.min.js HTTP/1.1" 200 2042446
INFO 2025-08-06 16:13:51,039 "GET /static/plugins/fontawesome-free/webfonts/fa-regular-400.woff2 HTTP/1.1" 200 13584
INFO 2025-08-10 15:36:49,344 Watching for file changes with StatReloader
INFO 2025-08-10 15:36:56,642 "GET / HTTP/1.1" 302 0
INFO 2025-08-10 15:36:56,731 "GET /accounts/login/?next=/ HTTP/1.1" 200 3981
INFO 2025-08-10 15:36:57,594 "GET /static/plugins/toastr/toastr.min.css HTTP/1.1" 200 6454
INFO 2025-08-10 15:36:57,632 "GET /static/dist/css/login-page.css HTTP/1.1" 200 8610
INFO 2025-08-10 15:36:57,668 "GET /static/dist/js/jquery.formset.js HTTP/1.1" 200 13632
INFO 2025-08-10 15:36:57,670 "GET /static/plugins/fontawesome-free/css/all.min.css HTTP/1.1" 200 58578
INFO 2025-08-10 15:36:57,685 "GET /static/plugins/toastr/toastr.min.js HTTP/1.1" 200 5251
INFO 2025-08-10 15:36:57,688 "GET /static/plugins/overlayScrollbars/css/OverlayScrollbars.min.css HTTP/1.1" 200 19724
INFO 2025-08-10 15:36:57,689 "GET /static/plugins/bootstrap/js/bootstrap.bundle.min.js HTTP/1.1" 200 80698
INFO 2025-08-10 15:36:57,691 "GET /static/plugins/jquery/jquery.min.js HTTP/1.1" 200 88145
INFO 2025-08-10 15:36:57,695 "GET /static/dist/css/adminlte.min.css HTTP/1.1" 200 686707
INFO 2025-08-10 15:36:57,696 "GET /static/dist/js/demo.js HTTP/1.1" 200 12616
INFO 2025-08-10 15:36:57,698 "GET /static/dist/js/adminlte.js HTTP/1.1" 200 57530
INFO 2025-08-10 15:36:57,701 "GET /static/plugins/overlayScrollbars/js/jquery.overlayScrollbars.min.js HTTP/1.1" 200 42383
INFO 2025-08-10 15:36:58,226 "GET /static/dist/img/login.png HTTP/1.1" 200 144918
INFO 2025-08-10 15:36:58,373 "GET /static/plugins/fontawesome-free/webfonts/fa-solid-900.woff2 HTTP/1.1" 200 79444
INFO 2025-08-11 16:37:50,843 Watching for file changes with StatReloader
INFO 2025-08-11 16:38:48,600 /home/ronny-karani/Projects/nkubu-junior-sms/school_app/settings.py changed, reloading.
INFO 2025-08-11 16:45:44,518 Watching for file changes with StatReloader
INFO 2025-08-11 17:10:18,908 Watching for file changes with StatReloader
INFO 2025-08-11 17:12:25,303 /home/ronny-karani/Projects/nkubu-junior-sms/school_app/settings.py changed, reloading.
INFO 2025-08-11 17:12:26,459 Watching for file changes with StatReloader
INFO 2025-08-11 17:14:31,330 Watching for file changes with StatReloader
INFO 2025-08-11 17:23:32,756 Watching for file changes with StatReloader
